[35m[1mConsolidate compiler generated dependencies of target vl53l1x_node[0m
[ 33%] [32mBuilding CXX object CMakeFiles/vl53l1x_node.dir/src/vl53l1x_node.cpp.o[0m
In file included from [01m[K/opt/ros/humble/include/rclcpp/rclcpp/client.hpp:40[m[K,
                 from [01m[K/opt/ros/humble/include/rclcpp/rclcpp/callback_group.hpp:24[m[K,
                 from [01m[K/opt/ros/humble/include/rclcpp/rclcpp/any_executable.hpp:20[m[K,
                 from [01m[K/opt/ros/humble/include/rclcpp/rclcpp/memory_strategy.hpp:25[m[K,
                 from [01m[K/opt/ros/humble/include/rclcpp/rclcpp/memory_strategies.hpp:18[m[K,
                 from [01m[K/opt/ros/humble/include/rclcpp/rclcpp/executor_options.hpp:20[m[K,
                 from [01m[K/opt/ros/humble/include/rclcpp/rclcpp/executor.hpp:37[m[K,
                 from [01m[K/opt/ros/humble/include/rclcpp/rclcpp/executors/multi_threaded_executor.hpp:25[m[K,
                 from [01m[K/opt/ros/humble/include/rclcpp/rclcpp/executors.hpp:21[m[K,
                 from [01m[K/opt/ros/humble/include/rclcpp/rclcpp/rclcpp.hpp:155[m[K,
                 from [01m[K/home/robotix/ros2_ws/src/ROS2-VL53L1X/src/vl53l1x_node.cpp:8[m[K:
[01m[K/home/robotix/ros2_ws/src/ROS2-VL53L1X/src/vl53l1x_node.cpp:[m[K In function â€˜[01m[Kint main(int, char**)[m[Kâ€™:
[01m[K/home/robotix/ros2_ws/src/ROS2-VL53L1X/src/vl53l1x_node.cpp:94:14:[m[K [01;31m[Kerror: [m[Kâ€˜[01m[Knode[m[Kâ€™ was not declared in this scope
   94 |  RCLCPP_INFO([01;31m[Knode[m[K->get_logger(), "[YDLIDAR INFO] Current ROS Driver Version: \n");
      |              [01;31m[K^~~~[m[K
[01m[K/home/robotix/ros2_ws/src/ROS2-VL53L1X/src/vl53l1x_node.cpp:94:2:[m[K [01;31m[Kerror: [m[Ktemplate argument 1 is invalid
   94 |  [01;31m[KRCLCPP_INFO[m[K(node->get_logger(), "[YDLIDAR INFO] Current ROS Driver Version: \n");
      |  [01;31m[K^~~~~~~~~~~[m[K
[01m[K/home/robotix/ros2_ws/src/ROS2-VL53L1X/src/vl53l1x_node.cpp:94:2:[m[K [01;31m[Kerror: [m[Kâ€˜[01m[K<declaration error>[m[Kâ€™ is not a template [[01;31m[K]8;;https://gcc.gnu.org/onlinedocs/gcc/Warning-Options.html#index-fpermissive-fpermissive]8;;[m[K]
   94 |  [01;31m[KRCLCPP_INFO[m[K(node->get_logger(), "[YDLIDAR INFO] Current ROS Driver Version: \n");
      |  [01;31m[K^~~~~~~~~~~[m[K
[01m[K/home/robotix/ros2_ws/src/ROS2-VL53L1X/src/vl53l1x_node.cpp:94:2:[m[K [01;31m[Kerror: [m[Ktemplate argument 1 is invalid
   94 |  [01;31m[KRCLCPP_INFO[m[K(node->get_logger(), "[YDLIDAR INFO] Current ROS Driver Version: \n");
      |  [01;31m[K^~~~~~~~~~~[m[K
[01m[K/home/robotix/ros2_ws/src/ROS2-VL53L1X/src/vl53l1x_node.cpp:94:2:[m[K [01;31m[Kerror: [m[Kâ€˜[01m[K<declaration error>[m[Kâ€™ is not a template [[01;31m[K]8;;https://gcc.gnu.org/onlinedocs/gcc/Warning-Options.html#index-fpermissive-fpermissive]8;;[m[K]
   94 |  [01;31m[KRCLCPP_INFO[m[K(node->get_logger(), "[YDLIDAR INFO] Current ROS Driver Version: \n");
      |  [01;31m[K^~~~~~~~~~~[m[K
[01m[K/home/robotix/ros2_ws/src/ROS2-VL53L1X/src/vl53l1x_node.cpp:94:2:[m[K [01;31m[Kerror: [m[Ktemplate argument 1 is invalid
   94 |  [01;31m[KRCLCPP_INFO[m[K(node->get_logger(), "[YDLIDAR INFO] Current ROS Driver Version: \n");
      |  [01;31m[K^~~~~~~~~~~[m[K
gmake[2]: *** [CMakeFiles/vl53l1x_node.dir/build.make:76: CMakeFiles/vl53l1x_node.dir/src/vl53l1x_node.cpp.o] Error 1
gmake[1]: *** [CMakeFiles/Makefile2:137: CMakeFiles/vl53l1x_node.dir/all] Error 2
gmake: *** [Makefile:146: all] Error 2
