[3.451s] Invoking command in '/home/robotix/ros2_ws/build/ydlidar_ros2_driver': CMAKE_PREFIX_PATH=${CMAKE_PREFIX_PATH}:/home/robotix/ros2_ws/install/tof_imager_ros:/home/robotix/ros2_ws/install/robotix:/home/robotix/ros2_ws/src/install/tof_imager_ros:/home/robotix/ros2_ws/src/install/robotix:/opt/ros/humble /usr/bin/cmake --build /home/robotix/ros2_ws/build/ydlidar_ros2_driver -- -j4 -l4
[4.249s] [ 50%] Built target ydlidar_ros2_driver_client
[4.250s] [ 75%] [32mBuilding CXX object CMakeFiles/ydlidar_ros2_driver_node.dir/src/ydlidar_ros2_driver_node.cpp.o[0m
[18.562s] [01m[K/home/robotix/ros2_ws/src/ydlidar_ros2_driver/src/ydlidar_ros2_driver_node.cpp:[m[K In lambda function:
[18.563s] [01m[K/home/robotix/ros2_ws/src/ydlidar_ros2_driver/src/ydlidar_ros2_driver_node.cpp:169:51:[m[K [01;35m[Kwarning: [m[Kunused parameter â€˜[01m[Krequest_header[m[Kâ€™ [[01;35m[K]8;;https://gcc.gnu.org/onlinedocs/gcc/Warning-Options.html#index-Wunused-parameter-Wunused-parameter]8;;[m[K]
[18.563s]   169 |  [&laser]([01;35m[Kconst std::shared_ptr<rmw_request_id_t> request_header[m[K,
[18.564s]       |           [01;35m[K~~~~~~~~~~~~~~~~~~~~~~~~~~~~~~~~~~~~~~~~^~~~~~~~~~~~~~[m[K
[18.564s] [01m[K/home/robotix/ros2_ws/src/ydlidar_ros2_driver/src/ydlidar_ros2_driver_node.cpp:170:55:[m[K [01;35m[Kwarning: [m[Kunused parameter â€˜[01m[Kreq[m[Kâ€™ [[01;35m[K]8;;https://gcc.gnu.org/onlinedocs/gcc/Warning-Options.html#index-Wunused-parameter-Wunused-parameter]8;;[m[K]
[18.565s]   170 |  [01;35m[Kconst std::shared_ptr<std_srvs::srv::Empty::Request> req[m[K,
[18.565s]       |  [01;35m[K~~~~~~~~~~~~~~~~~~~~~~~~~~~~~~~~~~~~~~~~~~~~~~~~~~~~~^~~[m[K
[18.566s] [01m[K/home/robotix/ros2_ws/src/ydlidar_ros2_driver/src/ydlidar_ros2_driver_node.cpp:171:50:[m[K [01;35m[Kwarning: [m[Kunused parameter â€˜[01m[Kresponse[m[Kâ€™ [[01;35m[K]8;;https://gcc.gnu.org/onlinedocs/gcc/Warning-Options.html#index-Wunused-parameter-Wunused-parameter]8;;[m[K]
[18.566s]   171 |  [01;35m[Kstd::shared_ptr<std_srvs::srv::Empty::Response> response[m[K) -> bool
[18.567s]       |  [01;35m[K~~~~~~~~~~~~~~~~~~~~~~~~~~~~~~~~~~~~~~~~~~~~~~~~^~~~~~~~[m[K
[18.632s] [01m[K/home/robotix/ros2_ws/src/ydlidar_ros2_driver/src/ydlidar_ros2_driver_node.cpp:[m[K In lambda function:
[18.633s] [01m[K/home/robotix/ros2_ws/src/ydlidar_ros2_driver/src/ydlidar_ros2_driver_node.cpp:179:51:[m[K [01;35m[Kwarning: [m[Kunused parameter â€˜[01m[Krequest_header[m[Kâ€™ [[01;35m[K]8;;https://gcc.gnu.org/onlinedocs/gcc/Warning-Options.html#index-Wunused-parameter-Wunused-parameter]8;;[m[K]
[18.633s]   179 |  [&laser]([01;35m[Kconst std::shared_ptr<rmw_request_id_t> request_header[m[K,
[18.634s]       |           [01;35m[K~~~~~~~~~~~~~~~~~~~~~~~~~~~~~~~~~~~~~~~~^~~~~~~~~~~~~~[m[K
[18.634s] [01m[K/home/robotix/ros2_ws/src/ydlidar_ros2_driver/src/ydlidar_ros2_driver_node.cpp:180:55:[m[K [01;35m[Kwarning: [m[Kunused parameter â€˜[01m[Kreq[m[Kâ€™ [[01;35m[K]8;;https://gcc.gnu.org/onlinedocs/gcc/Warning-Options.html#index-Wunused-parameter-Wunused-parameter]8;;[m[K]
[18.635s]   180 |  [01;35m[Kconst std::shared_ptr<std_srvs::srv::Empty::Request> req[m[K,
[18.635s]       |  [01;35m[K~~~~~~~~~~~~~~~~~~~~~~~~~~~~~~~~~~~~~~~~~~~~~~~~~~~~~^~~[m[K
[18.635s] [01m[K/home/robotix/ros2_ws/src/ydlidar_ros2_driver/src/ydlidar_ros2_driver_node.cpp:181:50:[m[K [01;35m[Kwarning: [m[Kunused parameter â€˜[01m[Kresponse[m[Kâ€™ [[01;35m[K]8;;https://gcc.gnu.org/onlinedocs/gcc/Warning-Options.html#index-Wunused-parameter-Wunused-parameter]8;;[m[K]
[18.636s]   181 |  [01;35m[Kstd::shared_ptr<std_srvs::srv::Empty::Response> response[m[K) -> bool
[18.636s]       |  [01;35m[K~~~~~~~~~~~~~~~~~~~~~~~~~~~~~~~~~~~~~~~~~~~~~~~~^~~~~~~~[m[K
[18.676s] In file included from [01m[K/opt/ros/humble/include/rclcpp/rclcpp/logging.hpp:24[m[K,
[18.676s]                  from [01m[K/opt/ros/humble/include/rclcpp/rclcpp/client.hpp:40[m[K,
[18.677s]                  from [01m[K/opt/ros/humble/include/rclcpp/rclcpp/callback_group.hpp:24[m[K,
[18.677s]                  from [01m[K/opt/ros/humble/include/rclcpp/rclcpp/any_executable.hpp:20[m[K,
[18.678s]                  from [01m[K/opt/ros/humble/include/rclcpp/rclcpp/memory_strategy.hpp:25[m[K,
[18.678s]                  from [01m[K/opt/ros/humble/include/rclcpp/rclcpp/memory_strategies.hpp:18[m[K,
[18.679s]                  from [01m[K/opt/ros/humble/include/rclcpp/rclcpp/executor_options.hpp:20[m[K,
[18.679s]                  from [01m[K/opt/ros/humble/include/rclcpp/rclcpp/executor.hpp:37[m[K,
[18.679s]                  from [01m[K/opt/ros/humble/include/rclcpp/rclcpp/executors/multi_threaded_executor.hpp:25[m[K,
[18.680s]                  from [01m[K/opt/ros/humble/include/rclcpp/rclcpp/executors.hpp:21[m[K,
[18.680s]                  from [01m[K/opt/ros/humble/include/rclcpp/rclcpp/rclcpp.hpp:155[m[K,
[18.681s]                  from [01m[K/home/robotix/ros2_ws/src/ydlidar_ros2_driver/src/ydlidar_ros2_driver_node.cpp:23[m[K:
[18.681s] [01m[K/home/robotix/ros2_ws/src/ydlidar_ros2_driver/src/ydlidar_ros2_driver_node.cpp:[m[K In function â€˜[01m[Kint main(int, char**)[m[Kâ€™:
[18.682s] [01m[K/home/robotix/ros2_ws/src/ydlidar_ros2_driver/src/ydlidar_ros2_driver_node.cpp:253:34:[m[K [01;31m[Kerror: [m[Kcannot convert â€˜[01m[Kstd::shared_ptr<sensor_msgs::msg::LaserScan_<std::allocator<void> > >[m[Kâ€™ to â€˜[01m[Kconst char*[m[Kâ€™
[18.682s]   253 |  RCLCPP_INFO(node->get_logger(), [01;31m[Kscan_msg[m[K);
[18.682s]       |                                  [01;31m[K^~~~~~~~[m[K
[18.683s]       |                                  [01;31m[K|[m[K
[18.683s]       |                                  [01;31m[Kstd::shared_ptr<sensor_msgs::msg::LaserScan_<std::allocator<void> > >[m[K
[18.684s] In file included from [01m[K/opt/ros/humble/include/rmw/rmw/types.h:28[m[K,
[18.684s]                  from [01m[K/opt/ros/humble/include/rcl/rcl/types.h:20[m[K,
[18.684s]                  from [01m[K/opt/ros/humble/include/rcl/rcl/log_level.h:22[m[K,
[18.685s]                  from [01m[K/opt/ros/humble/include/rcl/rcl/arguments.h:21[m[K,
[18.685s]                  from [01m[K/opt/ros/humble/include/rcl/rcl/context.h:28[m[K,
[18.686s]                  from [01m[K/opt/ros/humble/include/rclcpp/rclcpp/context.hpp:30[m[K,
[18.686s]                  from [01m[K/opt/ros/humble/include/rclcpp/rclcpp/contexts/default_context.hpp:18[m[K,
[18.686s]                  from [01m[K/opt/ros/humble/include/rclcpp/rclcpp/clock.hpp:22[m[K,
[18.687s]                  from [01m[K/home/robotix/ros2_ws/src/ydlidar_ros2_driver/src/ydlidar_ros2_driver_node.cpp:22[m[K:
[18.687s] [01m[K/opt/ros/humble/include/rcutils/rcutils/logging.h:479:16:[m[K [01;36m[Knote: [m[K  initializing argument 4 of â€˜[01m[Kvoid rcutils_log(const rcutils_log_location_t*, int, const char*, const char*, ...)[m[Kâ€™
[18.687s]   479 |   [01;36m[Kconst char * format[m[K,
[18.688s]       |   [01;36m[K~~~~~~~~~~~~~^~~~~~[m[K
[23.158s] gmake[2]: *** [CMakeFiles/ydlidar_ros2_driver_node.dir/build.make:76: CMakeFiles/ydlidar_ros2_driver_node.dir/src/ydlidar_ros2_driver_node.cpp.o] Error 1
[23.159s] gmake[1]: *** [CMakeFiles/Makefile2:139: CMakeFiles/ydlidar_ros2_driver_node.dir/all] Error 2
[23.160s] gmake: *** [Makefile:146: all] Error 2
[23.167s] Invoked command in '/home/robotix/ros2_ws/build/ydlidar_ros2_driver' returned '2': CMAKE_PREFIX_PATH=${CMAKE_PREFIX_PATH}:/home/robotix/ros2_ws/install/tof_imager_ros:/home/robotix/ros2_ws/install/robotix:/home/robotix/ros2_ws/src/install/tof_imager_ros:/home/robotix/ros2_ws/src/install/robotix:/opt/ros/humble /usr/bin/cmake --build /home/robotix/ros2_ws/build/ydlidar_ros2_driver -- -j4 -l4
